Release 14.2 - ngc2edif P.28xd (nt64)
Copyright (c) 1995-2012 Xilinx, Inc.  All rights reserved.
Reading design VUMeter.ngc ...
WARNING:NetListWriters:298 - No output is written to VUMeter.xncf, ignored.
Processing design ...
   Preping design's networks ...
   Preping design's macros ...
  finished :Prep
Writing EDIF netlist file VUMeter.edif ...
ngc2edif: Total memory usage is 82132 kilobytes

Release 14.2 - ngc2edif P.28xd (nt64)
Copyright (c) 1995-2012 Xilinx, Inc.  All rights reserved.
Reading design VUMeter.ngc ...
WARNING:NetListWriters:298 - No output is written to VUMeter.xncf, ignored.
Processing design ...
   Preping design's networks ...
   Preping design's macros ...
  finished :Prep
Writing EDIF netlist file VUMeter.edif ...
ngc2edif: Total memory usage is 82196 kilobytes

Release 14.2 - ngc2edif P.28xd (nt64)
Copyright (c) 1995-2012 Xilinx, Inc.  All rights reserved.
Reading design VUMeter.ngc ...
WARNING:NetListWriters:298 - No output is written to VUMeter.xncf, ignored.
Processing design ...
   Preping design's networks ...
   Preping design's macros ...
  finished :Prep
Writing EDIF netlist file VUMeter.edif ...
ngc2edif: Total memory usage is 82708 kilobytes

Release 14.2 - ngc2edif P.28xd (nt64)
Copyright (c) 1995-2012 Xilinx, Inc.  All rights reserved.
Reading design VUMeter.ngc ...
WARNING:NetListWriters:298 - No output is written to VUMeter.xncf, ignored.
Processing design ...
   Preping design's networks ...
   Preping design's macros ...
  finished :Prep
Writing EDIF netlist file VUMeter.edif ...
ngc2edif: Total memory usage is 82452 kilobytes

Release 14.2 - ngc2edif P.28xd (nt64)
Copyright (c) 1995-2012 Xilinx, Inc.  All rights reserved.
Reading design VUMeter.ngc ...
WARNING:NetListWriters:298 - No output is written to VUMeter.xncf, ignored.
Processing design ...
   Preping design's networks ...
   Preping design's macros ...
  finished :Prep
Writing EDIF netlist file VUMeter.edif ...
ngc2edif: Total memory usage is 81060 kilobytes

Release 14.2 - ngc2edif P.28xd (nt64)
Copyright (c) 1995-2012 Xilinx, Inc.  All rights reserved.
Reading design VUMeter.ngc ...
WARNING:NetListWriters:298 - No output is written to VUMeter.xncf, ignored.
Processing design ...
   Preping design's networks ...
   Preping design's macros ...
  finished :Prep
Writing EDIF netlist file VUMeter.edif ...
ngc2edif: Total memory usage is 81380 kilobytes

Release 14.2 - ngc2edif P.28xd (nt64)
Copyright (c) 1995-2012 Xilinx, Inc.  All rights reserved.
Reading design VUMeter.ngc ...
WARNING:NetListWriters:298 - No output is written to VUMeter.xncf, ignored.
Processing design ...
   Preping design's networks ...
   Preping design's macros ...
  finished :Prep
Writing EDIF netlist file VUMeter.edif ...
ngc2edif: Total memory usage is 81316 kilobytes

Release 14.2 - ngc2edif P.28xd (nt64)
Copyright (c) 1995-2012 Xilinx, Inc.  All rights reserved.
Reading design VUMeter.ngc ...
WARNING:NetListWriters:298 - No output is written to VUMeter.xncf, ignored.
Processing design ...
   Preping design's networks ...
   Preping design's macros ...
  finished :Prep
Writing EDIF netlist file VUMeter.edif ...
ngc2edif: Total memory usage is 81380 kilobytes

Release 14.2 - ngc2edif P.28xd (nt64)
Copyright (c) 1995-2012 Xilinx, Inc.  All rights reserved.
Reading design VUMeter.ngc ...
WARNING:NetListWriters:298 - No output is written to VUMeter.xncf, ignored.
Processing design ...
   Preping design's networks ...
   Preping design's macros ...
  finished :Prep
Writing EDIF netlist file VUMeter.edif ...
ngc2edif: Total memory usage is 81444 kilobytes

